Using pre-set license
Built from '2020.2/release' branch; Version is '2020.2.1f1 (270dd8c3da1c) revision 2559448'; Using compiler version '192528614'; Build Type 'Release'
OS: 'Windows 10  (10.0.0) 64bit' Language: 'tr' Physical Memory: 8080 MB
BatchMode: 1, IsHumanControllingUs: 0, StartBugReporterOnCrash: 0, Is64bit: 1, IsPro: 0

 COMMAND LINE ARGUMENTS:
C:\Program Files\Unity\Hub\Editor\2020.2.1f1\Editor\Unity.exe
-adb2
-batchMode
-noUpm
-name
AssetImportWorker0
-projectPath
C:/Users/Onur/Desktop/unity101/Candy Catch Game
-logFile
Logs/AssetImportWorker0.log
-srvPort
49254
Successfully changed project path to: C:/Users/Onur/Desktop/unity101/Candy Catch Game
C:/Users/Onur/Desktop/unity101/Candy Catch Game
Using Asset Import Pipeline V2.
Refreshing native plugins compatible for Editor in 44.00 ms, found 1 plugins.
Preloading 0 native plugins for Editor in 0.00 ms.
Initialize engine version: 2020.2.1f1 (270dd8c3da1c)
[Subsystems] Discovering subsystems at path C:/Program Files/Unity/Hub/Editor/2020.2.1f1/Editor/Data/Resources/UnitySubsystems
[Subsystems] Discovering subsystems at path C:/Users/Onur/Desktop/unity101/Candy Catch Game/Assets
GfxDevice: creating device client; threaded=0
Direct3D:
    Version:  Direct3D 11.0 [level 11.1]
    Renderer: NVIDIA GeForce GTX 1050 Ti (ID=0x1c8c)
    Vendor:   
    VRAM:     4018 MB
    Driver:   30.0.14.7212
Initialize mono
Mono path[0] = 'C:/Program Files/Unity/Hub/Editor/2020.2.1f1/Editor/Data/Managed'
Mono path[1] = 'C:/Program Files/Unity/Hub/Editor/2020.2.1f1/Editor/Data/MonoBleedingEdge/lib/mono/unityjit'
Mono config path = 'C:/Program Files/Unity/Hub/Editor/2020.2.1f1/Editor/Data/MonoBleedingEdge/etc'
Using monoOptions --debugger-agent=transport=dt_socket,embedding=1,server=y,suspend=n,address=127.0.0.1:56348
Begin MonoManager ReloadAssembly
Registering precompiled unity dll's ...
Register platform support module: C:/Program Files/Unity/Hub/Editor/2020.2.1f1/Editor/Data/PlaybackEngines/WebGLSupport/UnityEditor.WebGL.Extensions.dll
Register platform support module: C:/Program Files/Unity/Hub/Editor/2020.2.1f1/Editor/Data/PlaybackEngines/WindowsStandaloneSupport/UnityEditor.WindowsStandalone.Extensions.dll
Registered in 0.003211 seconds.
Native extension for WindowsStandalone target not found
Native extension for WebGL target not found
Refreshing native plugins compatible for Editor in 44.44 ms, found 1 plugins.
Preloading 0 native plugins for Editor in 0.00 ms.
Invoked RoslynAnalysisRunner static constructor.
RoslynAnalysisRunner will not be running.
RoslynAnalysisRunner has terminated.
Mono: successfully reloaded assembly
- Completed reload, in  2.849 seconds
Platform modules already initialized, skipping
Registering precompiled user dll's ...
Registered in 0.001571 seconds.
Begin MonoManager ReloadAssembly
Native extension for WindowsStandalone target not found
Native extension for WebGL target not found
Refreshing native plugins compatible for Editor in 57.23 ms, found 1 plugins.
Preloading 0 native plugins for Editor in 0.00 ms.
Invoked RoslynAnalysisRunner static constructor.
RoslynAnalysisRunner will not be running.
RoslynAnalysisRunner has terminated.
Mono: successfully reloaded assembly
- Completed reload, in  1.459 seconds
Platform modules already initialized, skipping
========================================================================
Worker process is ready to serve import requests
Launched and connected shader compiler UnityShaderCompiler.exe after 0.05 seconds
Refreshing native plugins compatible for Editor in 1.05 ms, found 1 plugins.
Preloading 0 native plugins for Editor in 0.00 ms.
Unloading 1791 Unused Serialized files (Serialized files now loaded: 0)
System memory in use before: 83.7 MB.
System memory in use after: 83.7 MB.

Unloading 24 unused Assets to reduce memory usage. Loaded Objects now: 2231.
Total: 2.375300 ms (FindLiveObjects: 0.272500 ms CreateObjectMapping: 0.108800 ms MarkObjects: 1.880400 ms  DeleteObjects: 0.112000 ms)

========================================================================
Received Import Request.
  path: Assets/Scripts/GameManager.cs
  artifactKey: Guid(82c8ea218cd36f641961219371bcf27e) Importer(815301076,1909f56bfc062723c751e8b465ee728b)
Start importing Assets/Scripts/GameManager.cs using Guid(82c8ea218cd36f641961219371bcf27e) Importer(815301076,1909f56bfc062723c751e8b465ee728b)  -> (artifact id: '48dae22fbb6d3a8134a3700848679844') in 0.055586 seconds
  Import took 0.061038 seconds .

========================================================================
Received Import Request.
  Time since last request: 922.209945 seconds.
  path: Assets/Sprites/Button.png
  artifactKey: Guid(68029c9a83917674e94f6f4e1fa5321a) Importer(815301076,1909f56bfc062723c751e8b465ee728b)
Start importing Assets/Sprites/Button.png using Guid(68029c9a83917674e94f6f4e1fa5321a) Importer(815301076,1909f56bfc062723c751e8b465ee728b)  -> (artifact id: '436e43bc465158436859662185ebc848') in 0.206642 seconds
  Import took 0.212702 seconds .

========================================================================
Received Import Request.
  Time since last request: 54.089784 seconds.
  path: Assets/Sprites/Button.png
  artifactKey: Guid(68029c9a83917674e94f6f4e1fa5321a) Importer(815301076,1909f56bfc062723c751e8b465ee728b)
Start importing Assets/Sprites/Button.png using Guid(68029c9a83917674e94f6f4e1fa5321a) Importer(815301076,1909f56bfc062723c751e8b465ee728b)  -> (artifact id: '79a835b473afeaf0737851709e11259f') in 0.054090 seconds
  Import took 0.059308 seconds .

========================================================================
Received Import Request.
  Time since last request: 0.058928 seconds.
  path: Assets/Sprites/Button.png
  artifactKey: Guid(68029c9a83917674e94f6f4e1fa5321a) Importer(815301076,1909f56bfc062723c751e8b465ee728b)
Start importing Assets/Sprites/Button.png using Guid(68029c9a83917674e94f6f4e1fa5321a) Importer(815301076,1909f56bfc062723c751e8b465ee728b)  -> (artifact id: '79a835b473afeaf0737851709e11259f') in 0.036771 seconds
  Import took 0.044026 seconds .

========================================================================
Received Import Request.
  Time since last request: 10.460231 seconds.
  path: Assets/Sprites/Button.png
  artifactKey: Guid(68029c9a83917674e94f6f4e1fa5321a) Importer(815301076,1909f56bfc062723c751e8b465ee728b)
Start importing Assets/Sprites/Button.png using Guid(68029c9a83917674e94f6f4e1fa5321a) Importer(815301076,1909f56bfc062723c751e8b465ee728b)  -> (artifact id: '4e0f524f34d184ba7823eeba81e783e4') in 0.503394 seconds
  Import took 0.511176 seconds .

========================================================================
Received Import Request.
  Time since last request: 188.529752 seconds.
  path: Assets/Sprites/Button.png
  artifactKey: Guid(68029c9a83917674e94f6f4e1fa5321a) Importer(815301076,1909f56bfc062723c751e8b465ee728b)
Start importing Assets/Sprites/Button.png using Guid(68029c9a83917674e94f6f4e1fa5321a) Importer(815301076,1909f56bfc062723c751e8b465ee728b)  -> (artifact id: 'ca101a55ab95d30d7954c37d3ef36ae5') in 0.542024 seconds
  Import took 0.549783 seconds .

========================================================================
Received Import Request.
  Time since last request: 9.925485 seconds.
  path: Assets/Sprites/Button.png
  artifactKey: Guid(68029c9a83917674e94f6f4e1fa5321a) Importer(815301076,1909f56bfc062723c751e8b465ee728b)
Start importing Assets/Sprites/Button.png using Guid(68029c9a83917674e94f6f4e1fa5321a) Importer(815301076,1909f56bfc062723c751e8b465ee728b)  -> (artifact id: '7cb2ee6dc335b9d21bb8c080b0cd1f8c') in 0.517706 seconds
  Import took 0.523109 seconds .

========================================================================
Received Import Request.
  Time since last request: 39.252030 seconds.
  path: Assets/Sprites/Button.png
  artifactKey: Guid(68029c9a83917674e94f6f4e1fa5321a) Importer(815301076,1909f56bfc062723c751e8b465ee728b)
Start importing Assets/Sprites/Button.png using Guid(68029c9a83917674e94f6f4e1fa5321a) Importer(815301076,1909f56bfc062723c751e8b465ee728b)  -> (artifact id: 'f3fd81d8a0c2eb0f6613c51ba85c6616') in 0.042352 seconds
  Import took 0.049312 seconds .

========================================================================
Received Import Request.
  Time since last request: 22.879675 seconds.
  path: Assets/Sprites/Button.png
  artifactKey: Guid(68029c9a83917674e94f6f4e1fa5321a) Importer(815301076,1909f56bfc062723c751e8b465ee728b)
Start importing Assets/Sprites/Button.png using Guid(68029c9a83917674e94f6f4e1fa5321a) Importer(815301076,1909f56bfc062723c751e8b465ee728b)  -> (artifact id: '9912808de32bbb989f1f3616fc110e86') in 0.057131 seconds
  Import took 0.064234 seconds .

========================================================================
Received Import Request.
  Time since last request: 7.994319 seconds.
  path: Assets/Sprites/Button.png
  artifactKey: Guid(68029c9a83917674e94f6f4e1fa5321a) Importer(815301076,1909f56bfc062723c751e8b465ee728b)
Start importing Assets/Sprites/Button.png using Guid(68029c9a83917674e94f6f4e1fa5321a) Importer(815301076,1909f56bfc062723c751e8b465ee728b)  -> (artifact id: 'b139bb288c3a5238bed0ca36af28a6fa') in 0.047381 seconds
  Import took 0.055659 seconds .

========================================================================
Received Import Request.
  Time since last request: 357.924039 seconds.
  path: Assets/Scripts/GameManager.cs
  artifactKey: Guid(82c8ea218cd36f641961219371bcf27e) Importer(815301076,1909f56bfc062723c751e8b465ee728b)
Start importing Assets/Scripts/GameManager.cs using Guid(82c8ea218cd36f641961219371bcf27e) Importer(815301076,1909f56bfc062723c751e8b465ee728b)  -> (artifact id: '02c233369db49a41778381ea0109babc') in 0.005404 seconds
  Import took 0.010634 seconds .

========================================================================
Received Prepare
Registering precompiled user dll's ...
Registered in 0.001425 seconds.
Begin MonoManager ReloadAssembly
Native extension for WindowsStandalone target not found
Native extension for WebGL target not found
Refreshing native plugins compatible for Editor in 0.39 ms, found 1 plugins.
Preloading 0 native plugins for Editor in 0.00 ms.
Invoked RoslynAnalysisRunner static constructor.
RoslynAnalysisRunner will not be running.
RoslynAnalysisRunner has terminated.
Mono: successfully reloaded assembly
- Completed reload, in  1.362 seconds
Platform modules already initialized, skipping
Refreshing native plugins compatible for Editor in 0.41 ms, found 1 plugins.
Preloading 0 native plugins for Editor in 0.00 ms.
Unloading 1786 Unused Serialized files (Serialized files now loaded: 0)
System memory in use before: 86.9 MB.
System memory in use after: 86.9 MB.

Unloading 12 unused Assets to reduce memory usage. Loaded Objects now: 2258.
Total: 2.229000 ms (FindLiveObjects: 0.207900 ms CreateObjectMapping: 0.075600 ms MarkObjects: 1.786200 ms  DeleteObjects: 0.157800 ms)

========================================================================
Received Prepare
Registering precompiled user dll's ...
Registered in 0.001916 seconds.
Begin MonoManager ReloadAssembly
Native extension for WindowsStandalone target not found
Native extension for WebGL target not found
Refreshing native plugins compatible for Editor in 0.59 ms, found 1 plugins.
Preloading 0 native plugins for Editor in 0.00 ms.
Invoked RoslynAnalysisRunner static constructor.
RoslynAnalysisRunner will not be running.
RoslynAnalysisRunner has terminated.
Mono: successfully reloaded assembly
- Completed reload, in  1.141 seconds
Platform modules already initialized, skipping
Refreshing native plugins compatible for Editor in 0.71 ms, found 1 plugins.
Preloading 0 native plugins for Editor in 0.00 ms.
Unloading 1786 Unused Serialized files (Serialized files now loaded: 0)
System memory in use before: 87.0 MB.
System memory in use after: 87.0 MB.

Unloading 12 unused Assets to reduce memory usage. Loaded Objects now: 2261.
Total: 2.473800 ms (FindLiveObjects: 0.268600 ms CreateObjectMapping: 0.109000 ms MarkObjects: 1.957100 ms  DeleteObjects: 0.137500 ms)

========================================================================
Received Import Request.
  Time since last request: 204.480650 seconds.
  path: Assets/Scenes/Game.unity
  artifactKey: Guid(2cda990e2423bbf4892e6590ba056729) Importer(815301076,1909f56bfc062723c751e8b465ee728b)
Start importing Assets/Scenes/Game.unity using Guid(2cda990e2423bbf4892e6590ba056729) Importer(815301076,1909f56bfc062723c751e8b465ee728b)  -> (artifact id: '71660542cf6eb2498c475af57cd1b973') in 0.023461 seconds
  Import took 0.027446 seconds .

========================================================================
Received Import Request.
  Time since last request: 1.746349 seconds.
  path: Assets/Scenes/Menu.unity
  artifactKey: Guid(51c881c8795778243a97a830190b87e2) Importer(815301076,1909f56bfc062723c751e8b465ee728b)
Start importing Assets/Scenes/Menu.unity using Guid(51c881c8795778243a97a830190b87e2) Importer(815301076,1909f56bfc062723c751e8b465ee728b)  -> (artifact id: '9c51a3e6dfd8c2bc9d3bb4e10e899586') in 0.012043 seconds
  Import took 0.018164 seconds .

========================================================================
Received Import Request.
  Time since last request: 75.932249 seconds.
  path: Assets/Scenes/Menu.unity
  artifactKey: Guid(51c881c8795778243a97a830190b87e2) Importer(815301076,1909f56bfc062723c751e8b465ee728b)
Start importing Assets/Scenes/Menu.unity using Guid(51c881c8795778243a97a830190b87e2) Importer(815301076,1909f56bfc062723c751e8b465ee728b)  -> (artifact id: '5d68531a179448a5e67eb7245ae2933c') in 0.004492 seconds
  Import took 0.008412 seconds .

========================================================================
Received Import Request.
  Time since last request: 21.757123 seconds.
  path: Assets/Scenes/Menu.unity
  artifactKey: Guid(51c881c8795778243a97a830190b87e2) Importer(815301076,1909f56bfc062723c751e8b465ee728b)
Start importing Assets/Scenes/Menu.unity using Guid(51c881c8795778243a97a830190b87e2) Importer(815301076,1909f56bfc062723c751e8b465ee728b)  -> (artifact id: '217e9a79e15b257f56d03a50c8d5ec59') in 0.003011 seconds
  Import took 0.007843 seconds .

========================================================================
Received Import Request.
  Time since last request: 682.386823 seconds.
  path: Assets/Scripts/MainMenuController.cs
  artifactKey: Guid(98076b2c530ce4740a87170f3f44e4d1) Importer(815301076,1909f56bfc062723c751e8b465ee728b)
Start importing Assets/Scripts/MainMenuController.cs using Guid(98076b2c530ce4740a87170f3f44e4d1) Importer(815301076,1909f56bfc062723c751e8b465ee728b)  -> (artifact id: '396dbb348ccd3c203eda1bbb684faade') in 0.013150 seconds
  Import took 0.018929 seconds .

========================================================================
Received Prepare
Registering precompiled user dll's ...
Registered in 0.001380 seconds.
Begin MonoManager ReloadAssembly
Native extension for WindowsStandalone target not found
Native extension for WebGL target not found
Refreshing native plugins compatible for Editor in 0.38 ms, found 1 plugins.
Preloading 0 native plugins for Editor in 0.00 ms.
Invoked RoslynAnalysisRunner static constructor.
RoslynAnalysisRunner will not be running.
RoslynAnalysisRunner has terminated.
Mono: successfully reloaded assembly
- Completed reload, in  1.031 seconds
Platform modules already initialized, skipping
Refreshing native plugins compatible for Editor in 0.36 ms, found 1 plugins.
Preloading 0 native plugins for Editor in 0.00 ms.
Unloading 1787 Unused Serialized files (Serialized files now loaded: 0)
System memory in use before: 87.1 MB.
System memory in use after: 87.1 MB.

Unloading 12 unused Assets to reduce memory usage. Loaded Objects now: 2265.
Total: 2.557600 ms (FindLiveObjects: 0.257000 ms CreateObjectMapping: 0.078700 ms MarkObjects: 2.080600 ms  DeleteObjects: 0.140200 ms)

========================================================================
Received Prepare
Registering precompiled user dll's ...
Registered in 0.001282 seconds.
Begin MonoManager ReloadAssembly
Native extension for WindowsStandalone target not found
Native extension for WebGL target not found
Refreshing native plugins compatible for Editor in 0.53 ms, found 1 plugins.
Preloading 0 native plugins for Editor in 0.00 ms.
Invoked RoslynAnalysisRunner static constructor.
RoslynAnalysisRunner will not be running.
RoslynAnalysisRunner has terminated.
Mono: successfully reloaded assembly
- Completed reload, in  1.032 seconds
Platform modules already initialized, skipping
Refreshing native plugins compatible for Editor in 0.81 ms, found 1 plugins.
Preloading 0 native plugins for Editor in 0.00 ms.
Unloading 1787 Unused Serialized files (Serialized files now loaded: 0)
System memory in use before: 87.2 MB.
System memory in use after: 87.2 MB.

Unloading 12 unused Assets to reduce memory usage. Loaded Objects now: 2268.
Total: 4.611100 ms (FindLiveObjects: 0.550300 ms CreateObjectMapping: 0.232500 ms MarkObjects: 3.695700 ms  DeleteObjects: 0.130500 ms)

========================================================================
Received Import Request.
  Time since last request: 228.676459 seconds.
  path: Assets/Scripts/MainMenuController.cs
  artifactKey: Guid(98076b2c530ce4740a87170f3f44e4d1) Importer(815301076,1909f56bfc062723c751e8b465ee728b)
Start importing Assets/Scripts/MainMenuController.cs using Guid(98076b2c530ce4740a87170f3f44e4d1) Importer(815301076,1909f56bfc062723c751e8b465ee728b)  -> (artifact id: 'b2334e4c6bf73a8bb46a17699e619de8') in 0.006570 seconds
  Import took 0.012387 seconds .

========================================================================
Received Import Request.
  Time since last request: 245.158590 seconds.
  path: Assets/Scenes/Menu.unity
  artifactKey: Guid(51c881c8795778243a97a830190b87e2) Importer(815301076,1909f56bfc062723c751e8b465ee728b)
Start importing Assets/Scenes/Menu.unity using Guid(51c881c8795778243a97a830190b87e2) Importer(815301076,1909f56bfc062723c751e8b465ee728b)  -> (artifact id: '5ab145d3a2108a87ea84ad46e1ff3e30') in 0.016441 seconds
  Import took 0.021863 seconds .

========================================================================
Received Prepare
Registering precompiled user dll's ...
Registered in 0.001422 seconds.
Begin MonoManager ReloadAssembly
Native extension for WindowsStandalone target not found
Native extension for WebGL target not found
Refreshing native plugins compatible for Editor in 0.40 ms, found 1 plugins.
Preloading 0 native plugins for Editor in 0.00 ms.
Invoked RoslynAnalysisRunner static constructor.
RoslynAnalysisRunner will not be running.
RoslynAnalysisRunner has terminated.
Mono: successfully reloaded assembly
- Completed reload, in  1.110 seconds
Platform modules already initialized, skipping
Refreshing native plugins compatible for Editor in 0.41 ms, found 1 plugins.
Preloading 0 native plugins for Editor in 0.00 ms.
Unloading 1787 Unused Serialized files (Serialized files now loaded: 0)
System memory in use before: 87.3 MB.
System memory in use after: 87.3 MB.

Unloading 12 unused Assets to reduce memory usage. Loaded Objects now: 2271.
Total: 3.160000 ms (FindLiveObjects: 0.583100 ms CreateObjectMapping: 0.163800 ms MarkObjects: 2.264200 ms  DeleteObjects: 0.146000 ms)

========================================================================
Received Import Request.
  Time since last request: 108.261037 seconds.
  path: Assets/Scenes/Game.unity
  artifactKey: Guid(2cda990e2423bbf4892e6590ba056729) Importer(815301076,1909f56bfc062723c751e8b465ee728b)
Start importing Assets/Scenes/Game.unity using Guid(2cda990e2423bbf4892e6590ba056729) Importer(815301076,1909f56bfc062723c751e8b465ee728b)  -> (artifact id: '70a475521202a621dbf48c64935db4e0') in 0.015750 seconds
  Import took 0.021292 seconds .

========================================================================
Received Prepare
Registering precompiled user dll's ...
Registered in 0.001289 seconds.
Begin MonoManager ReloadAssembly
Native extension for WindowsStandalone target not found
Native extension for WebGL target not found
Refreshing native plugins compatible for Editor in 0.75 ms, found 1 plugins.
Preloading 0 native plugins for Editor in 0.00 ms.
Invoked RoslynAnalysisRunner static constructor.
RoslynAnalysisRunner will not be running.
RoslynAnalysisRunner has terminated.
Mono: successfully reloaded assembly
- Completed reload, in  1.090 seconds
Platform modules already initialized, skipping
Refreshing native plugins compatible for Editor in 0.56 ms, found 1 plugins.
Preloading 0 native plugins for Editor in 0.00 ms.
Unloading 1787 Unused Serialized files (Serialized files now loaded: 0)
System memory in use before: 87.4 MB.
System memory in use after: 87.4 MB.

Unloading 12 unused Assets to reduce memory usage. Loaded Objects now: 2274.
Total: 2.880700 ms (FindLiveObjects: 0.514800 ms CreateObjectMapping: 0.136500 ms MarkObjects: 2.073500 ms  DeleteObjects: 0.153800 ms)

========================================================================
Received Import Request.
  Time since last request: 237.362491 seconds.
  path: Assets/Scripts/GameManager.cs
  artifactKey: Guid(82c8ea218cd36f641961219371bcf27e) Importer(815301076,1909f56bfc062723c751e8b465ee728b)
Start importing Assets/Scripts/GameManager.cs using Guid(82c8ea218cd36f641961219371bcf27e) Importer(815301076,1909f56bfc062723c751e8b465ee728b)  -> (artifact id: '0cbae247bf272bf3d386d85c520be635') in 0.005756 seconds
  Import took 0.009610 seconds .

========================================================================
Received Prepare
Registering precompiled user dll's ...
Registered in 0.001249 seconds.
Begin MonoManager ReloadAssembly
Native extension for WindowsStandalone target not found
Native extension for WebGL target not found
Refreshing native plugins compatible for Editor in 1.04 ms, found 1 plugins.
Preloading 0 native plugins for Editor in 0.00 ms.
Invoked RoslynAnalysisRunner static constructor.
RoslynAnalysisRunner will not be running.
RoslynAnalysisRunner has terminated.
Mono: successfully reloaded assembly
- Completed reload, in  1.322 seconds
Platform modules already initialized, skipping
Refreshing native plugins compatible for Editor in 0.39 ms, found 1 plugins.
Preloading 0 native plugins for Editor in 0.00 ms.
Unloading 1787 Unused Serialized files (Serialized files now loaded: 0)
System memory in use before: 87.4 MB.
System memory in use after: 87.4 MB.

Unloading 12 unused Assets to reduce memory usage. Loaded Objects now: 2277.
Total: 2.467400 ms (FindLiveObjects: 0.320100 ms CreateObjectMapping: 0.104100 ms MarkObjects: 1.925600 ms  DeleteObjects: 0.115400 ms)

========================================================================
Received Import Request.
  Time since last request: 79.601972 seconds.
  path: Assets/Scenes/Game.unity
  artifactKey: Guid(2cda990e2423bbf4892e6590ba056729) Importer(815301076,1909f56bfc062723c751e8b465ee728b)
Start importing Assets/Scenes/Game.unity using Guid(2cda990e2423bbf4892e6590ba056729) Importer(815301076,1909f56bfc062723c751e8b465ee728b)  -> (artifact id: '21ee0999c5d464c0ebf882c943af8b12') in 0.018898 seconds
  Import took 0.022758 seconds .

========================================================================
Received Import Request.
  Time since last request: 365.157883 seconds.
  path: Assets/Animations/GameOverPanel.controller
  artifactKey: Guid(f869ed424d63c2648bbb880b22996607) Importer(815301076,1909f56bfc062723c751e8b465ee728b)
Start importing Assets/Animations/GameOverPanel.controller using Guid(f869ed424d63c2648bbb880b22996607) Importer(815301076,1909f56bfc062723c751e8b465ee728b)  -> (artifact id: 'd66ab0dfc9e0aa8cd7911b209920705c') in 0.022031 seconds
  Import took 0.026672 seconds .

========================================================================
Received Import Request.
  Time since last request: 1.688157 seconds.
  path: Assets/Animations/New Animation.anim
  artifactKey: Guid(741b00a2d75544d41930a8d1f25ad783) Importer(815301076,1909f56bfc062723c751e8b465ee728b)
Start importing Assets/Animations/New Animation.anim using Guid(741b00a2d75544d41930a8d1f25ad783) Importer(815301076,1909f56bfc062723c751e8b465ee728b)  -> (artifact id: '91506dfc8e31822b8e0e029f0c6c6f94') in 0.011081 seconds
  Import took 0.014302 seconds .

========================================================================
Received Import Request.
  Time since last request: 0.005973 seconds.
  path: Assets/Animations/New Animation.anim
  artifactKey: Guid(741b00a2d75544d41930a8d1f25ad783) Importer(815301076,1909f56bfc062723c751e8b465ee728b)
Start importing Assets/Animations/New Animation.anim using Guid(741b00a2d75544d41930a8d1f25ad783) Importer(815301076,1909f56bfc062723c751e8b465ee728b)  -> (artifact id: '91506dfc8e31822b8e0e029f0c6c6f94') in 0.005651 seconds
  Import took 0.010094 seconds .

========================================================================
Received Prepare
Registering precompiled user dll's ...
Registered in 0.002942 seconds.
Begin MonoManager ReloadAssembly
Native extension for WindowsStandalone target not found
Native extension for WebGL target not found
Refreshing native plugins compatible for Editor in 0.36 ms, found 1 plugins.
Preloading 0 native plugins for Editor in 0.00 ms.
Invoked RoslynAnalysisRunner static constructor.
RoslynAnalysisRunner will not be running.
RoslynAnalysisRunner has terminated.
Mono: successfully reloaded assembly
- Completed reload, in  1.455 seconds
Platform modules already initialized, skipping
Refreshing native plugins compatible for Editor in 0.40 ms, found 1 plugins.
Preloading 0 native plugins for Editor in 0.00 ms.
Unloading 1787 Unused Serialized files (Serialized files now loaded: 0)
System memory in use before: 87.5 MB.
System memory in use after: 87.5 MB.

Unloading 12 unused Assets to reduce memory usage. Loaded Objects now: 2280.
Total: 2.463500 ms (FindLiveObjects: 0.269400 ms CreateObjectMapping: 0.080100 ms MarkObjects: 2.001500 ms  DeleteObjects: 0.110800 ms)

========================================================================
Received Prepare
Registering precompiled user dll's ...
Registered in 0.001548 seconds.
Begin MonoManager ReloadAssembly
Native extension for WindowsStandalone target not found
Native extension for WebGL target not found
Refreshing native plugins compatible for Editor in 0.50 ms, found 1 plugins.
Preloading 0 native plugins for Editor in 0.00 ms.
Invoked RoslynAnalysisRunner static constructor.
RoslynAnalysisRunner will not be running.
RoslynAnalysisRunner has terminated.
Mono: successfully reloaded assembly
- Completed reload, in  1.109 seconds
Platform modules already initialized, skipping
Refreshing native plugins compatible for Editor in 0.66 ms, found 1 plugins.
Preloading 0 native plugins for Editor in 0.00 ms.
Unloading 1787 Unused Serialized files (Serialized files now loaded: 0)
System memory in use before: 87.6 MB.
System memory in use after: 87.6 MB.

Unloading 12 unused Assets to reduce memory usage. Loaded Objects now: 2283.
Total: 2.427600 ms (FindLiveObjects: 0.414800 ms CreateObjectMapping: 0.143100 ms MarkObjects: 1.764100 ms  DeleteObjects: 0.103900 ms)

========================================================================
Received Prepare
Refreshing native plugins compatible for Editor in 2.07 ms, found 1 plugins.
Preloading 0 native plugins for Editor in 0.00 ms.
Unloading 10 Unused Serialized files (Serialized files now loaded: 0)
System memory in use before: 52.5 MB.
System memory in use after: 52.5 MB.

Unloading 10 unused Assets to reduce memory usage. Loaded Objects now: 2283.
Total: 2.316300 ms (FindLiveObjects: 0.287800 ms CreateObjectMapping: 0.086100 ms MarkObjects: 1.828400 ms  DeleteObjects: 0.112300 ms)

AssetImportWorkerClient::OnTransportError - code=2 error=End of file
